<?xml version="1.0" encoding="UTF-8"?>
<testsuite xmlns:xsi="http://www.w3.org/2001/XMLSchema-instance" xsi:noNamespaceSchemaLocation="https://maven.apache.org/surefire/maven-surefire-plugin/xsd/surefire-test-report.xsd" version="3.0.2" name="com.mybignumber.lib.MyBigNumberTest" time="0.477" tests="14" errors="0" skipped="0" failures="0">
  <properties>
[...]
</properties>
  <testcase name="testSum_ValidInputs(String, String, String)[1]" classname="com.mybignumber.lib.MyBigNumberTest" time="0.21">
    <system-out><![CDATA[05:58:09.255 [main] INFO com.mybignumber.lib.MyBigNumber -- Đang dọn dẹp log trước khi chạy kịch bản mới.
05:58:09.278 [main] INFO com.mybignumber.lib.MyBigNumber -- Đang tính tổng của hai số có độ dài 1234 và 897
05:58:09.282 [main] INFO com.mybignumber.lib.MyBigNumber -- Bước 2: Lấy 4 cộng với 7 được 11. Cộng tiếp với nhớ 1 được 11. Lưu 1 vào kết quả và nhớ 1.
05:58:09.282 [main] INFO com.mybignumber.lib.MyBigNumber -- Bước 3: Lấy 3 cộng với 9 được 12. Cộng tiếp với nhớ 1 được 13. Lưu 3 vào kết quả và nhớ 1.
05:58:09.283 [main] INFO com.mybignumber.lib.MyBigNumber -- Bước 4: Lấy 2 cộng với 8 được 10. Cộng tiếp với nhớ 1 được 11. Lưu 1 vào kết quả và nhớ 1.
05:58:09.283 [main] INFO com.mybignumber.lib.MyBigNumber -- Bước 5: Lấy 1 cộng với 0 được 1. Cộng tiếp với nhớ 0 được 2. Lưu 2 vào kết quả và nhớ 0.
05:58:09.283 [main] INFO com.mybignumber.lib.MyBigNumber -- Tính toán thành công.
=== LOGS FOR TESTCASE: 1234 + 897 ===
   > Bước 2: Lấy 4 cộng với 7 được 11. Cộng tiếp với nhớ 1 được 11. Lưu 1 vào kết quả và nhớ 1.
   > Bước 3: Lấy 3 cộng với 9 được 12. Cộng tiếp với nhớ 1 được 13. Lưu 3 vào kết quả và nhớ 1.
   > Bước 4: Lấy 2 cộng với 8 được 10. Cộng tiếp với nhớ 1 được 11. Lưu 1 vào kết quả và nhớ 1.
   > Bước 5: Lấy 1 cộng với 0 được 1. Cộng tiếp với nhớ 0 được 2. Lưu 2 vào kết quả và nhớ 0.
05:58:09.301 [main] INFO com.mybignumber.lib.MyBigNumber -- Đang dọn dẹp log trước khi chạy kịch bản mới.
]]></system-out>
  </testcase>
  <testcase name="testSum_ValidInputs(String, String, String)[2]" classname="com.mybignumber.lib.MyBigNumberTest" time="0.004">
    <system-out><![CDATA[05:58:09.328 [main] INFO com.mybignumber.lib.MyBigNumber -- Đang dọn dẹp log trước khi chạy kịch bản mới.
05:58:09.328 [main] INFO com.mybignumber.lib.MyBigNumber -- Đang tính tổng của hai số có độ dài 0 và 0
05:58:09.329 [main] INFO com.mybignumber.lib.MyBigNumber -- Bước 2: Lấy 0 cộng với 0 được 0. Cộng tiếp với nhớ 0 được 0. Lưu 0 vào kết quả và nhớ 0.
05:58:09.329 [main] INFO com.mybignumber.lib.MyBigNumber -- Tính toán thành công.
=== LOGS FOR TESTCASE: 0 + 0 ===
   > Bước 2: Lấy 0 cộng với 0 được 0. Cộng tiếp với nhớ 0 được 0. Lưu 0 vào kết quả và nhớ 0.
05:58:09.329 [main] INFO com.mybignumber.lib.MyBigNumber -- Đang dọn dẹp log trước khi chạy kịch bản mới.
]]></system-out>
  </testcase>
  <testcase name="testSum_ValidInputs(String, String, String)[3]" classname="com.mybignumber.lib.MyBigNumberTest" time="0.005">
    <system-out><![CDATA[05:58:09.335 [main] INFO com.mybignumber.lib.MyBigNumber -- Đang dọn dẹp log trước khi chạy kịch bản mới.
05:58:09.336 [main] INFO com.mybignumber.lib.MyBigNumber -- Đang tính tổng của hai số có độ dài 9 và 9
05:58:09.336 [main] INFO com.mybignumber.lib.MyBigNumber -- Bước 2: Lấy 9 cộng với 9 được 18. Cộng tiếp với nhớ 1 được 18. Lưu 8 vào kết quả và nhớ 1.
05:58:09.336 [main] INFO com.mybignumber.lib.MyBigNumber -- Bước 2: Hạ số nhớ cuối cùng (1) xuống hàng kết quả.
05:58:09.336 [main] INFO com.mybignumber.lib.MyBigNumber -- Tính toán thành công.
=== LOGS FOR TESTCASE: 9 + 9 ===
   > Bước 2: Lấy 9 cộng với 9 được 18. Cộng tiếp với nhớ 1 được 18. Lưu 8 vào kết quả và nhớ 1.
   > Bước 2: Hạ số nhớ cuối cùng (1) xuống hàng kết quả.
05:58:09.337 [main] INFO com.mybignumber.lib.MyBigNumber -- Đang dọn dẹp log trước khi chạy kịch bản mới.
]]></system-out>
  </testcase>
  <testcase name="testSum_ValidInputs(String, String, String)[4]" classname="com.mybignumber.lib.MyBigNumberTest" time="0.005">
    <system-out><![CDATA[05:58:09.344 [main] INFO com.mybignumber.lib.MyBigNumber -- Đang dọn dẹp log trước khi chạy kịch bản mới.
05:58:09.344 [main] INFO com.mybignumber.lib.MyBigNumber -- Đang tính tổng của hai số có độ dài 12 và 34
05:58:09.345 [main] INFO com.mybignumber.lib.MyBigNumber -- Bước 2: Lấy 2 cộng với 4 được 6. Cộng tiếp với nhớ 0 được 6. Lưu 6 vào kết quả và nhớ 0.
05:58:09.345 [main] INFO com.mybignumber.lib.MyBigNumber -- Bước 3: Lấy 1 cộng với 3 được 4. Cộng tiếp với nhớ 0 được 4. Lưu 4 vào kết quả và nhớ 0.
05:58:09.345 [main] INFO com.mybignumber.lib.MyBigNumber -- Tính toán thành công.
=== LOGS FOR TESTCASE: 12 + 34 ===
   > Bước 2: Lấy 2 cộng với 4 được 6. Cộng tiếp với nhớ 0 được 6. Lưu 6 vào kết quả và nhớ 0.
   > Bước 3: Lấy 1 cộng với 3 được 4. Cộng tiếp với nhớ 0 được 4. Lưu 4 vào kết quả và nhớ 0.
05:58:09.346 [main] INFO com.mybignumber.lib.MyBigNumber -- Đang dọn dẹp log trước khi chạy kịch bản mới.
]]></system-out>
  </testcase>
  <testcase name="testSum_ValidInputs(String, String, String)[5]" classname="com.mybignumber.lib.MyBigNumberTest" time="0.009">
    <system-out><![CDATA[05:58:09.351 [main] INFO com.mybignumber.lib.MyBigNumber -- Đang dọn dẹp log trước khi chạy kịch bản mới.
05:58:09.352 [main] INFO com.mybignumber.lib.MyBigNumber -- Đang tính tổng của hai số có độ dài 999 và 1
05:58:09.352 [main] INFO com.mybignumber.lib.MyBigNumber -- Bước 2: Lấy 9 cộng với 1 được 10. Cộng tiếp với nhớ 1 được 10. Lưu 0 vào kết quả và nhớ 1.
05:58:09.353 [main] INFO com.mybignumber.lib.MyBigNumber -- Bước 3: Lấy 9 cộng với 0 được 9. Cộng tiếp với nhớ 1 được 10. Lưu 0 vào kết quả và nhớ 1.
05:58:09.353 [main] INFO com.mybignumber.lib.MyBigNumber -- Bước 4: Lấy 9 cộng với 0 được 9. Cộng tiếp với nhớ 1 được 10. Lưu 0 vào kết quả và nhớ 1.
05:58:09.353 [main] INFO com.mybignumber.lib.MyBigNumber -- Bước 4: Hạ số nhớ cuối cùng (1) xuống hàng kết quả.
05:58:09.354 [main] INFO com.mybignumber.lib.MyBigNumber -- Tính toán thành công.
=== LOGS FOR TESTCASE: 999 + 1 ===
   > Bước 2: Lấy 9 cộng với 1 được 10. Cộng tiếp với nhớ 1 được 10. Lưu 0 vào kết quả và nhớ 1.
   > Bước 3: Lấy 9 cộng với 0 được 9. Cộng tiếp với nhớ 1 được 10. Lưu 0 vào kết quả và nhớ 1.
   > Bước 4: Lấy 9 cộng với 0 được 9. Cộng tiếp với nhớ 1 được 10. Lưu 0 vào kết quả và nhớ 1.
   > Bước 4: Hạ số nhớ cuối cùng (1) xuống hàng kết quả.
05:58:09.359 [main] INFO com.mybignumber.lib.MyBigNumber -- Đang dọn dẹp log trước khi chạy kịch bản mới.
]]></system-out>
  </testcase>
  <testcase name="testSum_ValidInputs(String, String, String)[6]" classname="com.mybignumber.lib.MyBigNumberTest" time="0.005">
    <system-out><![CDATA[05:58:09.364 [main] INFO com.mybignumber.lib.MyBigNumber -- Đang dọn dẹp log trước khi chạy kịch bản mới.
05:58:09.364 [main] INFO com.mybignumber.lib.MyBigNumber -- Đang tính tổng của hai số có độ dài 000123 và 45
05:58:09.365 [main] INFO com.mybignumber.lib.MyBigNumber -- Bước 2: Lấy 3 cộng với 5 được 8. Cộng tiếp với nhớ 0 được 8. Lưu 8 vào kết quả và nhớ 0.
05:58:09.365 [main] INFO com.mybignumber.lib.MyBigNumber -- Bước 3: Lấy 2 cộng với 4 được 6. Cộng tiếp với nhớ 0 được 6. Lưu 6 vào kết quả và nhớ 0.
05:58:09.365 [main] INFO com.mybignumber.lib.MyBigNumber -- Bước 4: Lấy 1 cộng với 0 được 1. Cộng tiếp với nhớ 0 được 1. Lưu 1 vào kết quả và nhớ 0.
05:58:09.365 [main] INFO com.mybignumber.lib.MyBigNumber -- Bước 5: Lấy 0 cộng với 0 được 0. Cộng tiếp với nhớ 0 được 0. Lưu 0 vào kết quả và nhớ 0.
05:58:09.365 [main] INFO com.mybignumber.lib.MyBigNumber -- Bước 6: Lấy 0 cộng với 0 được 0. Cộng tiếp với nhớ 0 được 0. Lưu 0 vào kết quả và nhớ 0.
05:58:09.365 [main] INFO com.mybignumber.lib.MyBigNumber -- Bước 7: Lấy 0 cộng với 0 được 0. Cộng tiếp với nhớ 0 được 0. Lưu 0 vào kết quả và nhớ 0.
05:58:09.365 [main] INFO com.mybignumber.lib.MyBigNumber -- Tính toán thành công.
=== LOGS FOR TESTCASE: 000123 + 45 ===
   > Bước 2: Lấy 3 cộng với 5 được 8. Cộng tiếp với nhớ 0 được 8. Lưu 8 vào kết quả và nhớ 0.
   > Bước 3: Lấy 2 cộng với 4 được 6. Cộng tiếp với nhớ 0 được 6. Lưu 6 vào kết quả và nhớ 0.
   > Bước 4: Lấy 1 cộng với 0 được 1. Cộng tiếp với nhớ 0 được 1. Lưu 1 vào kết quả và nhớ 0.
   > Bước 5: Lấy 0 cộng với 0 được 0. Cộng tiếp với nhớ 0 được 0. Lưu 0 vào kết quả và nhớ 0.
   > Bước 6: Lấy 0 cộng với 0 được 0. Cộng tiếp với nhớ 0 được 0. Lưu 0 vào kết quả và nhớ 0.
   > Bước 7: Lấy 0 cộng với 0 được 0. Cộng tiếp với nhớ 0 được 0. Lưu 0 vào kết quả và nhớ 0.
05:58:09.366 [main] INFO com.mybignumber.lib.MyBigNumber -- Đang dọn dẹp log trước khi chạy kịch bản mới.
]]></system-out>
  </testcase>
  <testcase name="testSum_InvalidInputs_ShouldThrowException(String, String)[1]" classname="com.mybignumber.lib.MyBigNumberTest" time="0.012">
    <system-out><![CDATA[05:58:09.378 [main] INFO com.mybignumber.lib.MyBigNumber -- Đang dọn dẹp log trước khi chạy kịch bản mới.
05:58:09.387 [main] INFO com.mybignumber.lib.MyBigNumber -- Đang dọn dẹp log trước khi chạy kịch bản mới.
]]></system-out>
  </testcase>
  <testcase name="testSum_InvalidInputs_ShouldThrowException(String, String)[2]" classname="com.mybignumber.lib.MyBigNumberTest" time="0.005">
    <system-out><![CDATA[05:58:09.393 [main] INFO com.mybignumber.lib.MyBigNumber -- Đang dọn dẹp log trước khi chạy kịch bản mới.
05:58:09.395 [main] INFO com.mybignumber.lib.MyBigNumber -- Đang dọn dẹp log trước khi chạy kịch bản mới.
]]></system-out>
  </testcase>
  <testcase name="testSum_InvalidInputs_ShouldThrowException(String, String)[3]" classname="com.mybignumber.lib.MyBigNumberTest" time="0.004">
    <system-out><![CDATA[05:58:09.402 [main] INFO com.mybignumber.lib.MyBigNumber -- Đang dọn dẹp log trước khi chạy kịch bản mới.
05:58:09.403 [main] INFO com.mybignumber.lib.MyBigNumber -- Đang dọn dẹp log trước khi chạy kịch bản mới.
]]></system-out>
  </testcase>
  <testcase name="testSum_InvalidInputs_ShouldThrowException(String, String)[4]" classname="com.mybignumber.lib.MyBigNumberTest" time="0.005">
    <system-out><![CDATA[05:58:09.409 [main] INFO com.mybignumber.lib.MyBigNumber -- Đang dọn dẹp log trước khi chạy kịch bản mới.
05:58:09.410 [main] INFO com.mybignumber.lib.MyBigNumber -- Đang dọn dẹp log trước khi chạy kịch bản mới.
]]></system-out>
  </testcase>
  <testcase name="testSum_InvalidInputs_ShouldThrowException(String, String)[5]" classname="com.mybignumber.lib.MyBigNumberTest" time="0.004">
    <system-out><![CDATA[05:58:09.415 [main] INFO com.mybignumber.lib.MyBigNumber -- Đang dọn dẹp log trước khi chạy kịch bản mới.
05:58:09.416 [main] INFO com.mybignumber.lib.MyBigNumber -- Đang dọn dẹp log trước khi chạy kịch bản mới.
]]></system-out>
  </testcase>
  <testcase name="testSum_InvalidInputs_ShouldThrowException(String, String)[6]" classname="com.mybignumber.lib.MyBigNumberTest" time="0.002">
    <system-out><![CDATA[05:58:09.420 [main] INFO com.mybignumber.lib.MyBigNumber -- Đang dọn dẹp log trước khi chạy kịch bản mới.
05:58:09.421 [main] INFO com.mybignumber.lib.MyBigNumber -- Đang dọn dẹp log trước khi chạy kịch bản mới.
]]></system-out>
  </testcase>
  <testcase name="testSum_InvalidInputs_ShouldThrowException(String, String)[7]" classname="com.mybignumber.lib.MyBigNumberTest" time="0.003">
    <system-out><![CDATA[05:58:09.426 [main] INFO com.mybignumber.lib.MyBigNumber -- Đang dọn dẹp log trước khi chạy kịch bản mới.
05:58:09.426 [main] INFO com.mybignumber.lib.MyBigNumber -- Đang dọn dẹp log trước khi chạy kịch bản mới.
]]></system-out>
  </testcase>
  <testcase name="testSum_ExtremeLargeNumbers" classname="com.mybignumber.lib.MyBigNumberTest" time="0.019">
    <system-out><![CDATA[05:58:09.429 [main] INFO com.mybignumber.lib.MyBigNumber -- Đang dọn dẹp log trước khi chạy kịch bản mới.
05:58:09.432 [main] INFO com.mybignumber.lib.MyBigNumber -- Đang tính tổng của hai số có độ dài 9999999999999999999999999999999999999999999999999999999999999999999999999999999999999999999999999999 và 1
05:58:09.432 [main] INFO com.mybignumber.lib.MyBigNumber -- Bước 2: Lấy 9 cộng với 1 được 10. Cộng tiếp với nhớ 1 được 10. Lưu 0 vào kết quả và nhớ 1.
05:58:09.432 [main] INFO com.mybignumber.lib.MyBigNumber -- Bước 3: Lấy 9 cộng với 0 được 9. Cộng tiếp với nhớ 1 được 10. Lưu 0 vào kết quả và nhớ 1.
05:58:09.433 [main] INFO com.mybignumber.lib.MyBigNumber -- Bước 4: Lấy 9 cộng với 0 được 9. Cộng tiếp với nhớ 1 được 10. Lưu 0 vào kết quả và nhớ 1.
05:58:09.433 [main] INFO com.mybignumber.lib.MyBigNumber -- Bước 5: Lấy 9 cộng với 0 được 9. Cộng tiếp với nhớ 1 được 10. Lưu 0 vào kết quả và nhớ 1.
05:58:09.434 [main] INFO com.mybignumber.lib.MyBigNumber -- Bước 6: Lấy 9 cộng với 0 được 9. Cộng tiếp với nhớ 1 được 10. Lưu 0 vào kết quả và nhớ 1.
05:58:09.434 [main] INFO com.mybignumber.lib.MyBigNumber -- Bước 7: Lấy 9 cộng với 0 được 9. Cộng tiếp với nhớ 1 được 10. Lưu 0 vào kết quả và nhớ 1.
05:58:09.434 [main] INFO com.mybignumber.lib.MyBigNumber -- Bước 8: Lấy 9 cộng với 0 được 9. Cộng tiếp với nhớ 1 được 10. Lưu 0 vào kết quả và nhớ 1.
05:58:09.434 [main] INFO com.mybignumber.lib.MyBigNumber -- Bước 9: Lấy 9 cộng với 0 được 9. Cộng tiếp với nhớ 1 được 10. Lưu 0 vào kết quả và nhớ 1.
05:58:09.434 [main] INFO com.mybignumber.lib.MyBigNumber -- Bước 10: Lấy 9 cộng với 0 được 9. Cộng tiếp với nhớ 1 được 10. Lưu 0 vào kết quả và nhớ 1.
05:58:09.434 [main] INFO com.mybignumber.lib.MyBigNumber -- Bước 11: Lấy 9 cộng với 0 được 9. Cộng tiếp với nhớ 1 được 10. Lưu 0 vào kết quả và nhớ 1.
05:58:09.434 [main] INFO com.mybignumber.lib.MyBigNumber -- Bước 12: Lấy 9 cộng với 0 được 9. Cộng tiếp với nhớ 1 được 10. Lưu 0 vào kết quả và nhớ 1.
05:58:09.435 [main] INFO com.mybignumber.lib.MyBigNumber -- Bước 13: Lấy 9 cộng với 0 được 9. Cộng tiếp với nhớ 1 được 10. Lưu 0 vào kết quả và nhớ 1.
05:58:09.435 [main] INFO com.mybignumber.lib.MyBigNumber -- Bước 14: Lấy 9 cộng với 0 được 9. Cộng tiếp với nhớ 1 được 10. Lưu 0 vào kết quả và nhớ 1.
05:58:09.435 [main] INFO com.mybignumber.lib.MyBigNumber -- Bước 15: Lấy 9 cộng với 0 được 9. Cộng tiếp với nhớ 1 được 10. Lưu 0 vào kết quả và nhớ 1.
05:58:09.435 [main] INFO com.mybignumber.lib.MyBigNumber -- Bước 16: Lấy 9 cộng với 0 được 9. Cộng tiếp với nhớ 1 được 10. Lưu 0 vào kết quả và nhớ 1.
05:58:09.435 [main] INFO com.mybignumber.lib.MyBigNumber -- Bước 17: Lấy 9 cộng với 0 được 9. Cộng tiếp với nhớ 1 được 10. Lưu 0 vào kết quả và nhớ 1.
05:58:09.435 [main] INFO com.mybignumber.lib.MyBigNumber -- Bước 18: Lấy 9 cộng với 0 được 9. Cộng tiếp với nhớ 1 được 10. Lưu 0 vào kết quả và nhớ 1.
05:58:09.435 [main] INFO com.mybignumber.lib.MyBigNumber -- Bước 19: Lấy 9 cộng với 0 được 9. Cộng tiếp với nhớ 1 được 10. Lưu 0 vào kết quả và nhớ 1.
05:58:09.435 [main] INFO com.mybignumber.lib.MyBigNumber -- Bước 20: Lấy 9 cộng với 0 được 9. Cộng tiếp với nhớ 1 được 10. Lưu 0 vào kết quả và nhớ 1.
05:58:09.436 [main] INFO com.mybignumber.lib.MyBigNumber -- Bước 21: Lấy 9 cộng với 0 được 9. Cộng tiếp với nhớ 1 được 10. Lưu 0 vào kết quả và nhớ 1.
05:58:09.436 [main] INFO com.mybignumber.lib.MyBigNumber -- Bước 22: Lấy 9 cộng với 0 được 9. Cộng tiếp với nhớ 1 được 10. Lưu 0 vào kết quả và nhớ 1.
05:58:09.436 [main] INFO com.mybignumber.lib.MyBigNumber -- Bước 23: Lấy 9 cộng với 0 được 9. Cộng tiếp với nhớ 1 được 10. Lưu 0 vào kết quả và nhớ 1.
05:58:09.436 [main] INFO com.mybignumber.lib.MyBigNumber -- Bước 24: Lấy 9 cộng với 0 được 9. Cộng tiếp với nhớ 1 được 10. Lưu 0 vào kết quả và nhớ 1.
05:58:09.436 [main] INFO com.mybignumber.lib.MyBigNumber -- Bước 25: Lấy 9 cộng với 0 được 9. Cộng tiếp với nhớ 1 được 10. Lưu 0 vào kết quả và nhớ 1.
05:58:09.436 [main] INFO com.mybignumber.lib.MyBigNumber -- Bước 26: Lấy 9 cộng với 0 được 9. Cộng tiếp với nhớ 1 được 10. Lưu 0 vào kết quả và nhớ 1.
05:58:09.436 [main] INFO com.mybignumber.lib.MyBigNumber -- Bước 27: Lấy 9 cộng với 0 được 9. Cộng tiếp với nhớ 1 được 10. Lưu 0 vào kết quả và nhớ 1.
05:58:09.437 [main] INFO com.mybignumber.lib.MyBigNumber -- Bước 28: Lấy 9 cộng với 0 được 9. Cộng tiếp với nhớ 1 được 10. Lưu 0 vào kết quả và nhớ 1.
05:58:09.437 [main] INFO com.mybignumber.lib.MyBigNumber -- Bước 29: Lấy 9 cộng với 0 được 9. Cộng tiếp với nhớ 1 được 10. Lưu 0 vào kết quả và nhớ 1.
05:58:09.437 [main] INFO com.mybignumber.lib.MyBigNumber -- Bước 30: Lấy 9 cộng với 0 được 9. Cộng tiếp với nhớ 1 được 10. Lưu 0 vào kết quả và nhớ 1.
05:58:09.437 [main] INFO com.mybignumber.lib.MyBigNumber -- Bước 31: Lấy 9 cộng với 0 được 9. Cộng tiếp với nhớ 1 được 10. Lưu 0 vào kết quả và nhớ 1.
05:58:09.437 [main] INFO com.mybignumber.lib.MyBigNumber -- Bước 32: Lấy 9 cộng với 0 được 9. Cộng tiếp với nhớ 1 được 10. Lưu 0 vào kết quả và nhớ 1.
05:58:09.437 [main] INFO com.mybignumber.lib.MyBigNumber -- Bước 33: Lấy 9 cộng với 0 được 9. Cộng tiếp với nhớ 1 được 10. Lưu 0 vào kết quả và nhớ 1.
05:58:09.437 [main] INFO com.mybignumber.lib.MyBigNumber -- Bước 34: Lấy 9 cộng với 0 được 9. Cộng tiếp với nhớ 1 được 10. Lưu 0 vào kết quả và nhớ 1.
05:58:09.437 [main] INFO com.mybignumber.lib.MyBigNumber -- Bước 35: Lấy 9 cộng với 0 được 9. Cộng tiếp với nhớ 1 được 10. Lưu 0 vào kết quả và nhớ 1.
05:58:09.437 [main] INFO com.mybignumber.lib.MyBigNumber -- Bước 36: Lấy 9 cộng với 0 được 9. Cộng tiếp với nhớ 1 được 10. Lưu 0 vào kết quả và nhớ 1.
05:58:09.438 [main] INFO com.mybignumber.lib.MyBigNumber -- Bước 37: Lấy 9 cộng với 0 được 9. Cộng tiếp với nhớ 1 được 10. Lưu 0 vào kết quả và nhớ 1.
05:58:09.438 [main] INFO com.mybignumber.lib.MyBigNumber -- Bước 38: Lấy 9 cộng với 0 được 9. Cộng tiếp với nhớ 1 được 10. Lưu 0 vào kết quả và nhớ 1.
05:58:09.438 [main] INFO com.mybignumber.lib.MyBigNumber -- Bước 39: Lấy 9 cộng với 0 được 9. Cộng tiếp với nhớ 1 được 10. Lưu 0 vào kết quả và nhớ 1.
05:58:09.438 [main] INFO com.mybignumber.lib.MyBigNumber -- Bước 40: Lấy 9 cộng với 0 được 9. Cộng tiếp với nhớ 1 được 10. Lưu 0 vào kết quả và nhớ 1.
05:58:09.438 [main] INFO com.mybignumber.lib.MyBigNumber -- Bước 41: Lấy 9 cộng với 0 được 9. Cộng tiếp với nhớ 1 được 10. Lưu 0 vào kết quả và nhớ 1.
05:58:09.438 [main] INFO com.mybignumber.lib.MyBigNumber -- Bước 42: Lấy 9 cộng với 0 được 9. Cộng tiếp với nhớ 1 được 10. Lưu 0 vào kết quả và nhớ 1.
05:58:09.438 [main] INFO com.mybignumber.lib.MyBigNumber -- Bước 43: Lấy 9 cộng với 0 được 9. Cộng tiếp với nhớ 1 được 10. Lưu 0 vào kết quả và nhớ 1.
05:58:09.438 [main] INFO com.mybignumber.lib.MyBigNumber -- Bước 44: Lấy 9 cộng với 0 được 9. Cộng tiếp với nhớ 1 được 10. Lưu 0 vào kết quả và nhớ 1.
05:58:09.438 [main] INFO com.mybignumber.lib.MyBigNumber -- Bước 45: Lấy 9 cộng với 0 được 9. Cộng tiếp với nhớ 1 được 10. Lưu 0 vào kết quả và nhớ 1.
05:58:09.438 [main] INFO com.mybignumber.lib.MyBigNumber -- Bước 46: Lấy 9 cộng với 0 được 9. Cộng tiếp với nhớ 1 được 10. Lưu 0 vào kết quả và nhớ 1.
05:58:09.438 [main] INFO com.mybignumber.lib.MyBigNumber -- Bước 47: Lấy 9 cộng với 0 được 9. Cộng tiếp với nhớ 1 được 10. Lưu 0 vào kết quả và nhớ 1.
05:58:09.439 [main] INFO com.mybignumber.lib.MyBigNumber -- Bước 48: Lấy 9 cộng với 0 được 9. Cộng tiếp với nhớ 1 được 10. Lưu 0 vào kết quả và nhớ 1.
05:58:09.439 [main] INFO com.mybignumber.lib.MyBigNumber -- Bước 49: Lấy 9 cộng với 0 được 9. Cộng tiếp với nhớ 1 được 10. Lưu 0 vào kết quả và nhớ 1.
05:58:09.439 [main] INFO com.mybignumber.lib.MyBigNumber -- Bước 50: Lấy 9 cộng với 0 được 9. Cộng tiếp với nhớ 1 được 10. Lưu 0 vào kết quả và nhớ 1.
05:58:09.439 [main] INFO com.mybignumber.lib.MyBigNumber -- Bước 51: Lấy 9 cộng với 0 được 9. Cộng tiếp với nhớ 1 được 10. Lưu 0 vào kết quả và nhớ 1.
05:58:09.439 [main] INFO com.mybignumber.lib.MyBigNumber -- Bước 52: Lấy 9 cộng với 0 được 9. Cộng tiếp với nhớ 1 được 10. Lưu 0 vào kết quả và nhớ 1.
05:58:09.439 [main] INFO com.mybignumber.lib.MyBigNumber -- Bước 53: Lấy 9 cộng với 0 được 9. Cộng tiếp với nhớ 1 được 10. Lưu 0 vào kết quả và nhớ 1.
05:58:09.440 [main] INFO com.mybignumber.lib.MyBigNumber -- Bước 54: Lấy 9 cộng với 0 được 9. Cộng tiếp với nhớ 1 được 10. Lưu 0 vào kết quả và nhớ 1.
05:58:09.440 [main] INFO com.mybignumber.lib.MyBigNumber -- Bước 55: Lấy 9 cộng với 0 được 9. Cộng tiếp với nhớ 1 được 10. Lưu 0 vào kết quả và nhớ 1.
05:58:09.440 [main] INFO com.mybignumber.lib.MyBigNumber -- Bước 56: Lấy 9 cộng với 0 được 9. Cộng tiếp với nhớ 1 được 10. Lưu 0 vào kết quả và nhớ 1.
05:58:09.440 [main] INFO com.mybignumber.lib.MyBigNumber -- Bước 57: Lấy 9 cộng với 0 được 9. Cộng tiếp với nhớ 1 được 10. Lưu 0 vào kết quả và nhớ 1.
05:58:09.440 [main] INFO com.mybignumber.lib.MyBigNumber -- Bước 58: Lấy 9 cộng với 0 được 9. Cộng tiếp với nhớ 1 được 10. Lưu 0 vào kết quả và nhớ 1.
05:58:09.440 [main] INFO com.mybignumber.lib.MyBigNumber -- Bước 59: Lấy 9 cộng với 0 được 9. Cộng tiếp với nhớ 1 được 10. Lưu 0 vào kết quả và nhớ 1.
05:58:09.440 [main] INFO com.mybignumber.lib.MyBigNumber -- Bước 60: Lấy 9 cộng với 0 được 9. Cộng tiếp với nhớ 1 được 10. Lưu 0 vào kết quả và nhớ 1.
05:58:09.441 [main] INFO com.mybignumber.lib.MyBigNumber -- Bước 61: Lấy 9 cộng với 0 được 9. Cộng tiếp với nhớ 1 được 10. Lưu 0 vào kết quả và nhớ 1.
05:58:09.441 [main] INFO com.mybignumber.lib.MyBigNumber -- Bước 62: Lấy 9 cộng với 0 được 9. Cộng tiếp với nhớ 1 được 10. Lưu 0 vào kết quả và nhớ 1.
05:58:09.441 [main] INFO com.mybignumber.lib.MyBigNumber -- Bước 63: Lấy 9 cộng với 0 được 9. Cộng tiếp với nhớ 1 được 10. Lưu 0 vào kết quả và nhớ 1.
05:58:09.441 [main] INFO com.mybignumber.lib.MyBigNumber -- Bước 64: Lấy 9 cộng với 0 được 9. Cộng tiếp với nhớ 1 được 10. Lưu 0 vào kết quả và nhớ 1.
05:58:09.441 [main] INFO com.mybignumber.lib.MyBigNumber -- Bước 65: Lấy 9 cộng với 0 được 9. Cộng tiếp với nhớ 1 được 10. Lưu 0 vào kết quả và nhớ 1.
05:58:09.441 [main] INFO com.mybignumber.lib.MyBigNumber -- Bước 66: Lấy 9 cộng với 0 được 9. Cộng tiếp với nhớ 1 được 10. Lưu 0 vào kết quả và nhớ 1.
05:58:09.442 [main] INFO com.mybignumber.lib.MyBigNumber -- Bước 67: Lấy 9 cộng với 0 được 9. Cộng tiếp với nhớ 1 được 10. Lưu 0 vào kết quả và nhớ 1.
05:58:09.442 [main] INFO com.mybignumber.lib.MyBigNumber -- Bước 68: Lấy 9 cộng với 0 được 9. Cộng tiếp với nhớ 1 được 10. Lưu 0 vào kết quả và nhớ 1.
05:58:09.442 [main] INFO com.mybignumber.lib.MyBigNumber -- Bước 69: Lấy 9 cộng với 0 được 9. Cộng tiếp với nhớ 1 được 10. Lưu 0 vào kết quả và nhớ 1.
05:58:09.442 [main] INFO com.mybignumber.lib.MyBigNumber -- Bước 70: Lấy 9 cộng với 0 được 9. Cộng tiếp với nhớ 1 được 10. Lưu 0 vào kết quả và nhớ 1.
05:58:09.443 [main] INFO com.mybignumber.lib.MyBigNumber -- Bước 71: Lấy 9 cộng với 0 được 9. Cộng tiếp với nhớ 1 được 10. Lưu 0 vào kết quả và nhớ 1.
05:58:09.443 [main] INFO com.mybignumber.lib.MyBigNumber -- Bước 72: Lấy 9 cộng với 0 được 9. Cộng tiếp với nhớ 1 được 10. Lưu 0 vào kết quả và nhớ 1.
05:58:09.443 [main] INFO com.mybignumber.lib.MyBigNumber -- Bước 73: Lấy 9 cộng với 0 được 9. Cộng tiếp với nhớ 1 được 10. Lưu 0 vào kết quả và nhớ 1.
05:58:09.443 [main] INFO com.mybignumber.lib.MyBigNumber -- Bước 74: Lấy 9 cộng với 0 được 9. Cộng tiếp với nhớ 1 được 10. Lưu 0 vào kết quả và nhớ 1.
05:58:09.443 [main] INFO com.mybignumber.lib.MyBigNumber -- Bước 75: Lấy 9 cộng với 0 được 9. Cộng tiếp với nhớ 1 được 10. Lưu 0 vào kết quả và nhớ 1.
05:58:09.443 [main] INFO com.mybignumber.lib.MyBigNumber -- Bước 76: Lấy 9 cộng với 0 được 9. Cộng tiếp với nhớ 1 được 10. Lưu 0 vào kết quả và nhớ 1.
05:58:09.444 [main] INFO com.mybignumber.lib.MyBigNumber -- Bước 77: Lấy 9 cộng với 0 được 9. Cộng tiếp với nhớ 1 được 10. Lưu 0 vào kết quả và nhớ 1.
05:58:09.444 [main] INFO com.mybignumber.lib.MyBigNumber -- Bước 78: Lấy 9 cộng với 0 được 9. Cộng tiếp với nhớ 1 được 10. Lưu 0 vào kết quả và nhớ 1.
05:58:09.444 [main] INFO com.mybignumber.lib.MyBigNumber -- Bước 79: Lấy 9 cộng với 0 được 9. Cộng tiếp với nhớ 1 được 10. Lưu 0 vào kết quả và nhớ 1.
05:58:09.444 [main] INFO com.mybignumber.lib.MyBigNumber -- Bước 80: Lấy 9 cộng với 0 được 9. Cộng tiếp với nhớ 1 được 10. Lưu 0 vào kết quả và nhớ 1.
05:58:09.444 [main] INFO com.mybignumber.lib.MyBigNumber -- Bước 81: Lấy 9 cộng với 0 được 9. Cộng tiếp với nhớ 1 được 10. Lưu 0 vào kết quả và nhớ 1.
05:58:09.444 [main] INFO com.mybignumber.lib.MyBigNumber -- Bước 82: Lấy 9 cộng với 0 được 9. Cộng tiếp với nhớ 1 được 10. Lưu 0 vào kết quả và nhớ 1.
05:58:09.445 [main] INFO com.mybignumber.lib.MyBigNumber -- Bước 83: Lấy 9 cộng với 0 được 9. Cộng tiếp với nhớ 1 được 10. Lưu 0 vào kết quả và nhớ 1.
05:58:09.445 [main] INFO com.mybignumber.lib.MyBigNumber -- Bước 84: Lấy 9 cộng với 0 được 9. Cộng tiếp với nhớ 1 được 10. Lưu 0 vào kết quả và nhớ 1.
05:58:09.445 [main] INFO com.mybignumber.lib.MyBigNumber -- Bước 85: Lấy 9 cộng với 0 được 9. Cộng tiếp với nhớ 1 được 10. Lưu 0 vào kết quả và nhớ 1.
05:58:09.445 [main] INFO com.mybignumber.lib.MyBigNumber -- Bước 86: Lấy 9 cộng với 0 được 9. Cộng tiếp với nhớ 1 được 10. Lưu 0 vào kết quả và nhớ 1.
05:58:09.445 [main] INFO com.mybignumber.lib.MyBigNumber -- Bước 87: Lấy 9 cộng với 0 được 9. Cộng tiếp với nhớ 1 được 10. Lưu 0 vào kết quả và nhớ 1.
05:58:09.445 [main] INFO com.mybignumber.lib.MyBigNumber -- Bước 88: Lấy 9 cộng với 0 được 9. Cộng tiếp với nhớ 1 được 10. Lưu 0 vào kết quả và nhớ 1.
05:58:09.445 [main] INFO com.mybignumber.lib.MyBigNumber -- Bước 89: Lấy 9 cộng với 0 được 9. Cộng tiếp với nhớ 1 được 10. Lưu 0 vào kết quả và nhớ 1.
05:58:09.445 [main] INFO com.mybignumber.lib.MyBigNumber -- Bước 90: Lấy 9 cộng với 0 được 9. Cộng tiếp với nhớ 1 được 10. Lưu 0 vào kết quả và nhớ 1.
05:58:09.446 [main] INFO com.mybignumber.lib.MyBigNumber -- Bước 91: Lấy 9 cộng với 0 được 9. Cộng tiếp với nhớ 1 được 10. Lưu 0 vào kết quả và nhớ 1.
05:58:09.446 [main] INFO com.mybignumber.lib.MyBigNumber -- Bước 92: Lấy 9 cộng với 0 được 9. Cộng tiếp với nhớ 1 được 10. Lưu 0 vào kết quả và nhớ 1.
05:58:09.446 [main] INFO com.mybignumber.lib.MyBigNumber -- Bước 93: Lấy 9 cộng với 0 được 9. Cộng tiếp với nhớ 1 được 10. Lưu 0 vào kết quả và nhớ 1.
05:58:09.446 [main] INFO com.mybignumber.lib.MyBigNumber -- Bước 94: Lấy 9 cộng với 0 được 9. Cộng tiếp với nhớ 1 được 10. Lưu 0 vào kết quả và nhớ 1.
05:58:09.446 [main] INFO com.mybignumber.lib.MyBigNumber -- Bước 95: Lấy 9 cộng với 0 được 9. Cộng tiếp với nhớ 1 được 10. Lưu 0 vào kết quả và nhớ 1.
05:58:09.446 [main] INFO com.mybignumber.lib.MyBigNumber -- Bước 96: Lấy 9 cộng với 0 được 9. Cộng tiếp với nhớ 1 được 10. Lưu 0 vào kết quả và nhớ 1.
05:58:09.446 [main] INFO com.mybignumber.lib.MyBigNumber -- Bước 97: Lấy 9 cộng với 0 được 9. Cộng tiếp với nhớ 1 được 10. Lưu 0 vào kết quả và nhớ 1.
05:58:09.446 [main] INFO com.mybignumber.lib.MyBigNumber -- Bước 98: Lấy 9 cộng với 0 được 9. Cộng tiếp với nhớ 1 được 10. Lưu 0 vào kết quả và nhớ 1.
05:58:09.446 [main] INFO com.mybignumber.lib.MyBigNumber -- Bước 99: Lấy 9 cộng với 0 được 9. Cộng tiếp với nhớ 1 được 10. Lưu 0 vào kết quả và nhớ 1.
05:58:09.446 [main] INFO com.mybignumber.lib.MyBigNumber -- Bước 100: Lấy 9 cộng với 0 được 9. Cộng tiếp với nhớ 1 được 10. Lưu 0 vào kết quả và nhớ 1.
05:58:09.446 [main] INFO com.mybignumber.lib.MyBigNumber -- Bước 101: Lấy 9 cộng với 0 được 9. Cộng tiếp với nhớ 1 được 10. Lưu 0 vào kết quả và nhớ 1.
05:58:09.446 [main] INFO com.mybignumber.lib.MyBigNumber -- Bước 101: Hạ số nhớ cuối cùng (1) xuống hàng kết quả.
05:58:09.446 [main] INFO com.mybignumber.lib.MyBigNumber -- Tính toán thành công.
05:58:09.447 [main] INFO com.mybignumber.lib.MyBigNumber -- Đang dọn dẹp log trước khi chạy kịch bản mới.
]]></system-out>
  </testcase>
</testsuite>